2024-06-23T14:14:34  chore: tune defaults
2024-07-07T09:31:41  refactor: simplify helper
2024-07-28T16:48:48  chore: routine maintenance
2024-09-05T11:05:55  docs: clarify usage notes
2024-09-26T18:22:02  test: add edge case
2024-10-11T13:39:09  refactor: tidy internals
2024-11-01T08:56:16  fix: handle empty input gracefully
2024-12-10T15:13:23  perf: micro-optimization
2024-12-31T10:30:30  style: formatting
2025-01-15T17:47:37  chore: bump dev tooling
2025-02-05T12:04:44  docs: expand examples
2025-03-16T19:21:51  test: strengthen coverage
2025-04-06T14:38:58  chore: tune defaults
2025-04-21T09:55:05  refactor: simplify helper
2025-05-12T16:12:12  chore: routine maintenance
2025-06-20T11:29:19  docs: clarify usage notes
2025-07-11T18:46:26  test: add edge case
2025-08-01T13:03:33  refactor: tidy internals
2025-08-16T08:20:40  fix: handle empty input gracefully
2025-09-30T15:37:47  perf: micro-optimization
2025-10-15T10:54:54  style: formatting
2025-11-05T17:11:01  chore: bump dev tooling
2025-12-14T12:28:08  docs: expand examples
2026-01-04T19:45:15  test: strengthen coverage
